2026-02-25 15:44:45 | INFO     | __main__ | ============================================================
2026-02-25 15:44:45 | INFO     | __main__ | EMR 전처리 시작
2026-02-25 15:44:45 | INFO     | __main__ | ============================================================
2026-02-25 15:44:45 | INFO     | src.data.preprocessing | ============================================================
2026-02-25 15:44:45 | INFO     | src.data.preprocessing | EMR 전처리 파이프라인 시작
2026-02-25 15:44:45 | INFO     | src.data.preprocessing | ============================================================
2026-02-25 15:44:45 | INFO     | src.data.preprocessing | 1단계: 치료 시작일 매핑
2026-02-25 15:44:45 | INFO     | src.data.preprocessing | 2단계: 검사 날짜 → Week 변환
2026-02-25 15:44:45 | WARNING  | src.data.preprocessing | Week 할당 불가 검사: 74건 (전체 374건 중 19.8%)
2026-02-25 15:44:45 | INFO     | src.data.preprocessing | Week 할당 완료: Week 0=67건, Week 1=133건, Week 2=100건
2026-02-25 15:44:45 | INFO     | src.data.preprocessing | 3단계: Long → Wide 형식 변환
2026-02-25 15:44:45 | INFO     | src.data.preprocessing | Week 0 CBC 결측 환자: 33.0%
2026-02-25 15:44:45 | INFO     | src.data.preprocessing | Week 1 CBC 결측 환자: 0.0%
2026-02-25 15:44:45 | INFO     | src.data.preprocessing | Week 2 CBC 결측 환자: 0.0%
2026-02-25 15:44:45 | INFO     | src.data.preprocessing | Wide 변환 완료: 100명, 18개 컬럼
2026-02-25 15:44:45 | INFO     | src.data.preprocessing | 4단계: 결측 Week 보간
2026-02-25 15:44:45 | INFO     | src.data.preprocessing | 보간 완료 (방법: linear), 잔여 결측: 198건
2026-02-25 15:44:45 | INFO     | src.data.preprocessing | 5단계: CTCAE Grade 계산
2026-02-25 15:44:45 | INFO     | src.data.preprocessing | [neutropenia] Grade 분포: {0: 67, 1: 9, 2: 8, 3: 8, 4: 8}, Grade 3+ 발생률: 16.0%
2026-02-25 15:44:45 | INFO     | src.data.preprocessing | [anemia] Grade 분포: {0: 46, 1: 53, 2: 1}, Grade 3+ 발생률: 0.0%
2026-02-25 15:44:45 | INFO     | src.data.preprocessing | [thrombocytopenia] Grade 분포: {0: 84, 1: 16}, Grade 3+ 발생률: 0.0%
2026-02-25 15:44:45 | INFO     | src.data.preprocessing | [leukopenia] Grade 분포: {0: 66, 1: 18, 2: 10, 3: 5, 4: 1}, Grade 3+ 발생률: 6.0%
2026-02-25 15:44:45 | INFO     | src.data.preprocessing | [lymphopenia] Grade 분포: {0: 60, 1: 12, 2: 17, 3: 11}, Grade 3+ 발생률: 11.0%
2026-02-25 15:44:45 | INFO     | src.data.preprocessing | 6단계: 환자 정보 병합
2026-02-25 15:44:45 | INFO     | src.data.preprocessing | 전처리 완료: 100명, 58개 변수
2026-02-25 15:44:45 | INFO     | src.data.preprocessing | ============================================================
2026-02-25 15:44:45 | INFO     | __main__ | 전처리 완료: /Users/hwangsang-ik/Desktop/ccrt_hematologic_toxicity/data/processed/emr_processed.csv (100명, 58변수)
2026-02-25 15:44:45 | INFO     | __main__ | ============================================================
2026-02-25 15:44:45 | INFO     | __main__ | 학습 파이프라인 시작
2026-02-25 15:44:45 | INFO     | __main__ | ============================================================
2026-02-25 15:44:46 | INFO     | src.utils.helpers | 시드 고정: 42
2026-02-25 15:44:46 | INFO     | main | ============================================================
2026-02-25 15:44:46 | INFO     | main | 1단계: 데이터 로드
2026-02-25 15:44:46 | INFO     | main | ============================================================
2026-02-25 15:44:46 | INFO     | src.data.data_loader | 데이터 로드 완료: /Users/hwangsang-ik/Desktop/ccrt_hematologic_toxicity/data/processed/emr_processed.csv (100행 x 58열)
2026-02-25 15:44:46 | INFO     | src.utils.helpers | ============================================================
2026-02-25 15:44:46 | INFO     | src.utils.helpers | 데이터셋 요약
2026-02-25 15:44:46 | INFO     | src.utils.helpers | ============================================================
2026-02-25 15:44:46 | INFO     | src.utils.helpers | 총 환자 수: 100
2026-02-25 15:44:46 | INFO     | src.utils.helpers | 변수 수: 58
2026-02-25 15:44:46 | INFO     | src.utils.helpers | 결측치: 198
2026-02-25 15:44:46 | INFO     | src.utils.helpers | 양성 (Grade 3+): 16 (16.0%)
2026-02-25 15:44:46 | INFO     | src.utils.helpers | 음성 (Grade <3): 84 (84.0%)
2026-02-25 15:44:46 | INFO     | src.utils.helpers | ============================================================
2026-02-25 15:44:46 | INFO     | main | ============================================================
2026-02-25 15:44:46 | INFO     | main | 2단계: 결측치 처리
2026-02-25 15:44:46 | INFO     | main | ============================================================
2026-02-25 15:44:46 | INFO     | src.data.data_loader | 결측치가 있는 컬럼 수: 6
2026-02-25 15:44:46 | WARNING  | src.data.data_loader | 결측률 30% 초과 변수 제거: ['WBC_week0', 'ANC_week0', 'ALC_week0', 'AMC_week0', 'PLT_week0', 'Hb_week0']
2026-02-25 15:44:46 | INFO     | src.data.data_loader | 결측치 처리 완료 (전략: median)
2026-02-25 15:44:46 | INFO     | main | ============================================================
2026-02-25 15:44:46 | INFO     | main | 3단계: 데이터 분할 (학습/검증/테스트)
2026-02-25 15:44:46 | INFO     | main | ============================================================
2026-02-25 15:44:46 | INFO     | src.data.data_loader | 데이터 분할 완료: 학습=65, 검증=15, 테스트=20
2026-02-25 15:44:46 | INFO     | src.data.data_loader |   학습 양성 비율: 0.169
2026-02-25 15:44:46 | INFO     | src.data.data_loader |   검증 양성 비율: 0.133
2026-02-25 15:44:46 | INFO     | src.data.data_loader |   테스트 양성 비율: 0.150
2026-02-25 15:44:46 | INFO     | main | ============================================================
2026-02-25 15:44:46 | INFO     | main | 4단계: 특성 공학 (CBC 시계열 파생 변수 생성)
2026-02-25 15:44:46 | INFO     | main | ============================================================
2026-02-25 15:44:46 | WARNING  | src.data.feature_engineer | 시계열 컬럼 누락, 건너뜀: WBC
2026-02-25 15:44:46 | WARNING  | src.data.feature_engineer | 시계열 컬럼 누락, 건너뜀: ANC
2026-02-25 15:44:46 | WARNING  | src.data.feature_engineer | 시계열 컬럼 누락, 건너뜀: ALC
2026-02-25 15:44:46 | WARNING  | src.data.feature_engineer | 시계열 컬럼 누락, 건너뜀: AMC
2026-02-25 15:44:46 | WARNING  | src.data.feature_engineer | 시계열 컬럼 누락, 건너뜀: PLT
2026-02-25 15:44:46 | WARNING  | src.data.feature_engineer | 시계열 컬럼 누락, 건너뜀: Hb
2026-02-25 15:44:46 | INFO     | src.data.feature_engineer | 시계열 파생 변수 2개 생성 완료
2026-02-25 15:44:46 | WARNING  | src.data.feature_engineer | 시계열 컬럼 누락, 건너뜀: WBC
2026-02-25 15:44:46 | WARNING  | src.data.feature_engineer | 시계열 컬럼 누락, 건너뜀: ANC
2026-02-25 15:44:46 | WARNING  | src.data.feature_engineer | 시계열 컬럼 누락, 건너뜀: ALC
2026-02-25 15:44:46 | WARNING  | src.data.feature_engineer | 시계열 컬럼 누락, 건너뜀: AMC
2026-02-25 15:44:46 | WARNING  | src.data.feature_engineer | 시계열 컬럼 누락, 건너뜀: PLT
2026-02-25 15:44:46 | WARNING  | src.data.feature_engineer | 시계열 컬럼 누락, 건너뜀: Hb
2026-02-25 15:44:46 | INFO     | src.data.feature_engineer | 시계열 파생 변수 2개 생성 완료
2026-02-25 15:44:46 | WARNING  | src.data.feature_engineer | 시계열 컬럼 누락, 건너뜀: WBC
2026-02-25 15:44:46 | WARNING  | src.data.feature_engineer | 시계열 컬럼 누락, 건너뜀: ANC
2026-02-25 15:44:46 | WARNING  | src.data.feature_engineer | 시계열 컬럼 누락, 건너뜀: ALC
2026-02-25 15:44:46 | WARNING  | src.data.feature_engineer | 시계열 컬럼 누락, 건너뜀: AMC
2026-02-25 15:44:46 | WARNING  | src.data.feature_engineer | 시계열 컬럼 누락, 건너뜀: PLT
2026-02-25 15:44:46 | WARNING  | src.data.feature_engineer | 시계열 컬럼 누락, 건너뜀: Hb
2026-02-25 15:44:46 | INFO     | src.data.feature_engineer | 시계열 파생 변수 2개 생성 완료
2026-02-25 15:44:46 | INFO     | src.data.feature_engineer | 범주형 인코딩 완료: 6개 변수 (onehot)
2026-02-25 15:44:46 | INFO     | src.data.feature_engineer | 범주형 인코딩 완료: 6개 변수 (onehot)
2026-02-25 15:44:46 | INFO     | src.data.feature_engineer | 범주형 인코딩 완료: 6개 변수 (onehot)
2026-02-25 15:44:46 | INFO     | main | ============================================================
2026-02-25 15:44:46 | INFO     | main | 5단계: CBC 시계열 탐색적 분석
2026-02-25 15:44:46 | INFO     | main | ============================================================
2026-02-25 15:44:46 | WARNING  | main | AMC 시계열 시각화 실패: 'AMC_week0'
2026-02-25 15:44:46 | WARNING  | main | ANC 시계열 시각화 실패: 'ANC_week0'
2026-02-25 15:44:46 | WARNING  | main | WBC 시계열 시각화 실패: 'WBC_week0'
2026-02-25 15:44:46 | INFO     | main | ============================================================
2026-02-25 15:44:46 | INFO     | main | 6단계: 모델 학습 [baseline_only]
2026-02-25 15:44:46 | INFO     | main | ============================================================
2026-02-25 15:44:46 | INFO     | src.data.feature_engineer | 특성 선택 (baseline_only): baseline=23, cbc_raw=12, cbc_derived=2, 전체=23
2026-02-25 15:44:46 | INFO     | main | 
--- xgboost (baseline_only) ---
2026-02-25 15:44:47 | INFO     | src.models.baseline_models | XGBoost 학습 완료 - Val AUC: 0.6923
2026-02-25 15:44:47 | INFO     | src.evaluation.metrics | [xgboost_baseline_only] AUROC=0.4706, AUPRC=0.4372, Sens=0.3333, Spec=0.9412, Optimal Threshold=0.899
2026-02-25 15:44:47 | INFO     | src.evaluation.metrics | Bootstrap CI (95%): 0.4706 [0.0000 - 1.0000]
2026-02-25 15:44:47 | INFO     | src.evaluation.visualization | 특성 중요도 저장: /Users/hwangsang-ik/Desktop/ccrt_hematologic_toxicity/outputs/figures/feature_importance_xgboost_baseline_only.png
2026-02-25 15:44:47 | INFO     | src.models.baseline_models | 모델 저장: /Users/hwangsang-ik/Desktop/ccrt_hematologic_toxicity/outputs/models/xgboost_baseline_only.pkl
2026-02-25 15:44:47 | INFO     | main | 
--- lightgbm (baseline_only) ---
2026-02-25 15:44:47 | INFO     | src.models.baseline_models | LightGBM 학습 완료 - Val AUC: 0.6923
2026-02-25 15:44:47 | INFO     | src.evaluation.metrics | [lightgbm_baseline_only] AUROC=0.3922, AUPRC=0.4252, Sens=0.3333, Spec=0.7059, Optimal Threshold=0.690
2026-02-25 15:44:47 | INFO     | src.evaluation.metrics | Bootstrap CI (95%): 0.3922 [0.0000 - 1.0000]
2026-02-25 15:44:47 | INFO     | src.evaluation.visualization | 특성 중요도 저장: /Users/hwangsang-ik/Desktop/ccrt_hematologic_toxicity/outputs/figures/feature_importance_lightgbm_baseline_only.png
2026-02-25 15:44:47 | INFO     | src.models.baseline_models | 모델 저장: /Users/hwangsang-ik/Desktop/ccrt_hematologic_toxicity/outputs/models/lightgbm_baseline_only.pkl
2026-02-25 15:44:47 | INFO     | main | 
--- logistic_regression (baseline_only) ---
2026-02-25 15:44:48 | INFO     | src.models.baseline_models | Logistic Regression 학습 완료 - Val AUC: 0.7308
2026-02-25 15:44:48 | INFO     | src.evaluation.metrics | [logistic_regression_baseline_only] AUROC=0.1373, AUPRC=0.1148, Sens=0.0000, Spec=0.4118, Optimal Threshold=inf
2026-02-25 15:44:48 | INFO     | src.evaluation.metrics | Bootstrap CI (95%): 0.1373 [0.0000 - 0.4211]
2026-02-25 15:44:48 | INFO     | src.models.baseline_models | 모델 저장: /Users/hwangsang-ik/Desktop/ccrt_hematologic_toxicity/outputs/models/logistic_regression_baseline_only.pkl
2026-02-25 15:44:48 | INFO     | main | ============================================================
2026-02-25 15:44:48 | INFO     | main | 6단계: 모델 학습 [baseline_cbc]
2026-02-25 15:44:48 | INFO     | main | ============================================================
2026-02-25 15:44:48 | INFO     | src.data.feature_engineer | 특성 선택 (baseline_cbc): baseline=23, cbc_raw=12, cbc_derived=2, 전체=37
2026-02-25 15:44:48 | INFO     | main | 
--- xgboost (baseline_cbc) ---
2026-02-25 15:44:48 | INFO     | src.models.baseline_models | XGBoost 학습 완료 - Val AUC: 1.0000
2026-02-25 15:44:48 | INFO     | src.evaluation.metrics | [xgboost_baseline_cbc] AUROC=1.0000, AUPRC=1.0000, Sens=1.0000, Spec=0.9412, Optimal Threshold=0.941
2026-02-25 15:44:48 | INFO     | src.evaluation.metrics | Bootstrap CI (95%): 1.0000 [1.0000 - 1.0000]
2026-02-25 15:44:48 | INFO     | src.evaluation.visualization | 특성 중요도 저장: /Users/hwangsang-ik/Desktop/ccrt_hematologic_toxicity/outputs/figures/feature_importance_xgboost_baseline_cbc.png
2026-02-25 15:44:48 | INFO     | src.models.baseline_models | 모델 저장: /Users/hwangsang-ik/Desktop/ccrt_hematologic_toxicity/outputs/models/xgboost_baseline_cbc.pkl
2026-02-25 15:44:48 | INFO     | main | 
--- lightgbm (baseline_cbc) ---
2026-02-25 15:44:48 | INFO     | src.models.baseline_models | LightGBM 학습 완료 - Val AUC: 1.0000
2026-02-25 15:44:48 | INFO     | src.evaluation.metrics | [lightgbm_baseline_cbc] AUROC=0.9804, AUPRC=0.9167, Sens=1.0000, Spec=0.8824, Optimal Threshold=0.782
2026-02-25 15:44:49 | INFO     | src.evaluation.metrics | Bootstrap CI (95%): 0.9804 [0.8947 - 1.0000]
2026-02-25 15:44:49 | INFO     | src.evaluation.visualization | 특성 중요도 저장: /Users/hwangsang-ik/Desktop/ccrt_hematologic_toxicity/outputs/figures/feature_importance_lightgbm_baseline_cbc.png
2026-02-25 15:44:49 | INFO     | src.models.baseline_models | 모델 저장: /Users/hwangsang-ik/Desktop/ccrt_hematologic_toxicity/outputs/models/lightgbm_baseline_cbc.pkl
2026-02-25 15:44:49 | INFO     | main | 
--- logistic_regression (baseline_cbc) ---
2026-02-25 15:44:49 | INFO     | src.models.baseline_models | Logistic Regression 학습 완료 - Val AUC: 0.9231
2026-02-25 15:44:49 | INFO     | src.evaluation.metrics | [logistic_regression_baseline_cbc] AUROC=0.8627, AUPRC=0.4667, Sens=0.3333, Spec=0.8235, Optimal Threshold=0.355
2026-02-25 15:44:49 | INFO     | src.evaluation.metrics | Bootstrap CI (95%): 0.8627 [0.6667 - 1.0000]
2026-02-25 15:44:49 | INFO     | src.models.baseline_models | 모델 저장: /Users/hwangsang-ik/Desktop/ccrt_hematologic_toxicity/outputs/models/logistic_regression_baseline_cbc.pkl
2026-02-25 15:44:49 | INFO     | main | 
--- LSTM (baseline_cbc) ---
2026-02-25 15:44:49 | WARNING  | src.data.feature_engineer | LSTM 시퀀스 컬럼 누락: WBC_week0
2026-02-25 15:44:49 | WARNING  | src.data.feature_engineer | LSTM 시퀀스 컬럼 누락: ANC_week0
2026-02-25 15:44:49 | WARNING  | src.data.feature_engineer | LSTM 시퀀스 컬럼 누락: ALC_week0
2026-02-25 15:44:49 | WARNING  | src.data.feature_engineer | LSTM 시퀀스 컬럼 누락: AMC_week0
2026-02-25 15:44:49 | WARNING  | src.data.feature_engineer | LSTM 시퀀스 컬럼 누락: PLT_week0
2026-02-25 15:44:49 | WARNING  | src.data.feature_engineer | LSTM 시퀀스 컬럼 누락: Hb_week0
2026-02-25 15:44:49 | INFO     | src.data.feature_engineer | LSTM 시퀀스 생성: shape=(65, 3, 6) (환자=65, 시점=3, 변수=6)
2026-02-25 15:44:49 | WARNING  | src.data.feature_engineer | LSTM 시퀀스 컬럼 누락: WBC_week0
2026-02-25 15:44:49 | WARNING  | src.data.feature_engineer | LSTM 시퀀스 컬럼 누락: ANC_week0
2026-02-25 15:44:49 | WARNING  | src.data.feature_engineer | LSTM 시퀀스 컬럼 누락: ALC_week0
2026-02-25 15:44:49 | WARNING  | src.data.feature_engineer | LSTM 시퀀스 컬럼 누락: AMC_week0
2026-02-25 15:44:49 | WARNING  | src.data.feature_engineer | LSTM 시퀀스 컬럼 누락: PLT_week0
2026-02-25 15:44:49 | WARNING  | src.data.feature_engineer | LSTM 시퀀스 컬럼 누락: Hb_week0
2026-02-25 15:44:49 | INFO     | src.data.feature_engineer | LSTM 시퀀스 생성: shape=(15, 3, 6) (환자=15, 시점=3, 변수=6)
2026-02-25 15:44:49 | WARNING  | src.data.feature_engineer | LSTM 시퀀스 컬럼 누락: WBC_week0
2026-02-25 15:44:49 | WARNING  | src.data.feature_engineer | LSTM 시퀀스 컬럼 누락: ANC_week0
2026-02-25 15:44:49 | WARNING  | src.data.feature_engineer | LSTM 시퀀스 컬럼 누락: ALC_week0
2026-02-25 15:44:49 | WARNING  | src.data.feature_engineer | LSTM 시퀀스 컬럼 누락: AMC_week0
2026-02-25 15:44:49 | WARNING  | src.data.feature_engineer | LSTM 시퀀스 컬럼 누락: PLT_week0
2026-02-25 15:44:49 | WARNING  | src.data.feature_engineer | LSTM 시퀀스 컬럼 누락: Hb_week0
2026-02-25 15:44:49 | INFO     | src.data.feature_engineer | LSTM 시퀀스 생성: shape=(20, 3, 6) (환자=20, 시점=3, 변수=6)
2026-02-25 15:44:49 | INFO     | src.data.dataset | DataLoader 생성 완료: batch_size=32, train=65, val=15, test=20
2026-02-25 15:44:49 | INFO     | src.models.trainer | 학습 장치: mps
2026-02-25 15:44:50 | INFO     | src.models.trainer | 학습 시작: 100 에폭, 장치=mps
2026-02-25 15:44:50 | INFO     | src.models.trainer | Epoch  10/100 | Train Loss: 0.4386 | Val Loss: 0.3081 | Train AUC: 0.7189 | Val AUC: 0.9615 | LR: 1.00e-03 | 0.0s
2026-02-25 15:44:51 | INFO     | src.models.trainer | Epoch  20/100 | Train Loss: 0.2046 | Val Loss: 0.2645 | Train AUC: 0.9613 | Val AUC: 0.9615 | LR: 1.00e-03 | 0.0s
2026-02-25 15:44:51 | INFO     | src.models.trainer | Epoch  30/100 | Train Loss: 0.1634 | Val Loss: 0.2581 | Train AUC: 0.9781 | Val AUC: 0.9615 | LR: 1.00e-03 | 0.0s
2026-02-25 15:44:51 | INFO     | src.models.trainer | Epoch  40/100 | Train Loss: 0.1304 | Val Loss: 0.2244 | Train AUC: 0.9832 | Val AUC: 0.9615 | LR: 5.00e-04 | 0.0s
2026-02-25 15:44:51 | INFO     | src.models.trainer | Early stopping 발동 (patience=15, best_loss=0.2056)
2026-02-25 15:44:51 | INFO     | src.models.trainer | Early stopping at epoch 40
2026-02-25 15:44:51 | INFO     | src.evaluation.visualization | 학습 히스토리 저장: /Users/hwangsang-ik/Desktop/ccrt_hematologic_toxicity/outputs/figures/lstm_training_history.png
2026-02-25 15:44:51 | INFO     | src.evaluation.metrics | [lstm_baseline_cbc] AUROC=0.8627, AUPRC=0.6095, Sens=0.3333, Spec=0.9412, Optimal Threshold=0.181
2026-02-25 15:44:52 | INFO     | src.evaluation.metrics | Bootstrap CI (95%): 0.8627 [0.6471 - 1.0000]
2026-02-25 15:44:52 | INFO     | src.models.trainer | 체크포인트 저장: /Users/hwangsang-ik/Desktop/ccrt_hematologic_toxicity/outputs/models/lstm_best.pt
2026-02-25 15:44:52 | INFO     | main | ============================================================
2026-02-25 15:44:52 | INFO     | main | 7단계: 모델 비교 및 결과 저장
2026-02-25 15:44:52 | INFO     | main | ============================================================
2026-02-25 15:44:52 | INFO     | src.evaluation.metrics | 
========================================================================================================================
모델 성능 비교
========================================================================================================================
2026-02-25 15:44:52 | INFO     | src.evaluation.metrics | 모델                       auroc          auprc          sensitivity    specificity    ppv            npv            f1_score       brier_score    
2026-02-25 15:44:52 | INFO     | src.evaluation.metrics | ------------------------------------------------------------------------------------------------------------------------
2026-02-25 15:44:52 | INFO     | src.evaluation.metrics | xgboost_baseline_only    0.4706         0.4372         0.3333         0.9412         0.5000         0.8889         0.4000         0.1508         
2026-02-25 15:44:52 | INFO     | src.evaluation.metrics | lightgbm_baseline_only   0.3922         0.4252         0.3333         0.7059         0.1667         0.8571         0.2222         0.2082         
2026-02-25 15:44:52 | INFO     | src.evaluation.metrics | logistic_regression_baseline_only0.1373         0.1148         0.0000         0.4118         0.0000         0.7000         0.0000         0.3519         
2026-02-25 15:44:52 | INFO     | src.evaluation.metrics | xgboost_baseline_cbc     1.0000         1.0000         1.0000         0.9412         0.7500         1.0000         0.8571         0.0385         
2026-02-25 15:44:52 | INFO     | src.evaluation.metrics | lightgbm_baseline_cbc    0.9804         0.9167         1.0000         0.8824         0.6000         1.0000         0.7500         0.0540         
2026-02-25 15:44:52 | INFO     | src.evaluation.metrics | logistic_regression_baseline_cbc0.8627         0.4667         0.3333         0.8235         0.2500         0.8750         0.2857         0.1517         
2026-02-25 15:44:52 | INFO     | src.evaluation.metrics | lstm_baseline_cbc        0.8627         0.6095         0.3333         0.9412         0.5000         0.8889         0.4000         0.1104         
2026-02-25 15:44:52 | INFO     | src.evaluation.visualization | ROC 곡선 저장: /Users/hwangsang-ik/Desktop/ccrt_hematologic_toxicity/outputs/figures/roc_comparison.png
2026-02-25 15:44:52 | INFO     | src.evaluation.visualization | 모델 비교 그래프 저장: /Users/hwangsang-ik/Desktop/ccrt_hematologic_toxicity/outputs/figures/model_comparison.png
2026-02-25 15:44:52 | INFO     | src.evaluation.metrics | 
=== Incremental Value (CBC 시계열 추가 효과) ===
AUROC: 0.4706 → 1.0000 (Δ=+0.5294, +112.5%)
Sensitivity: 0.3333 → 1.0000 (Δ=+0.6667)
2026-02-25 15:44:52 | INFO     | src.evaluation.metrics | 
=== Incremental Value (CBC 시계열 추가 효과) ===
AUROC: 0.3922 → 0.9804 (Δ=+0.5882, +150.0%)
Sensitivity: 0.3333 → 1.0000 (Δ=+0.6667)
2026-02-25 15:44:52 | INFO     | src.evaluation.metrics | 
=== Incremental Value (CBC 시계열 추가 효과) ===
AUROC: 0.1373 → 0.8627 (Δ=+0.7255, +528.6%)
Sensitivity: 0.0000 → 0.3333 (Δ=+0.3333)
2026-02-25 15:44:52 | INFO     | main | 
최적 모델: xgboost_baseline_cbc (AUROC=1.0000)
2026-02-25 15:44:52 | INFO     | src.utils.helpers | 결과 저장: /Users/hwangsang-ik/Desktop/ccrt_hematologic_toxicity/outputs/logs/experiment_results.json
2026-02-25 15:44:52 | INFO     | main | ============================================================
2026-02-25 15:44:52 | INFO     | main | 파이프라인 완료!
2026-02-25 15:44:52 | INFO     | main | 결과 저장 위치: /Users/hwangsang-ik/Desktop/ccrt_hematologic_toxicity/outputs/logs
2026-02-25 15:44:52 | INFO     | main | 시각화 저장 위치: /Users/hwangsang-ik/Desktop/ccrt_hematologic_toxicity/outputs/figures
2026-02-25 15:44:52 | INFO     | main | ============================================================
