2026-03-06 15:57:45 | INFO     | src.utils.helpers | 시드 고정: 42
2026-03-06 15:57:45 | INFO     | __main__ | ============================================================
2026-03-06 15:57:45 | INFO     | __main__ | 학습 데이터로 모델 훈련
2026-03-06 15:57:45 | INFO     | __main__ | ============================================================
2026-03-06 15:57:45 | INFO     | src.data.data_loader | 데이터 로드 완료: /Users/hwangsang-ik/Desktop/ccrt_hematologic_toxicity/data/processed/emr_processed.csv (200행 x 113열)
2026-03-06 15:57:45 | INFO     | src.data.data_loader | 결측치 처리 완료 (전략: median)
2026-03-06 15:57:45 | INFO     | src.data.data_loader | 데이터 분할 완료: 학습=130, 검증=30, 테스트=40
2026-03-06 15:57:45 | INFO     | src.data.data_loader |   학습 양성 비율: 0.331
2026-03-06 15:57:45 | INFO     | src.data.data_loader |   검증 양성 비율: 0.333
2026-03-06 15:57:45 | INFO     | src.data.data_loader |   테스트 양성 비율: 0.325
2026-03-06 15:57:45 | INFO     | src.data.feature_engineer | 시계열 파생 변수 52개 생성 완료
2026-03-06 15:57:45 | INFO     | src.data.feature_engineer | 시계열 파생 변수 52개 생성 완료
2026-03-06 15:57:45 | INFO     | src.data.feature_engineer | 범주형 인코딩 완료: 6개 변수 (onehot)
2026-03-06 15:57:45 | INFO     | src.data.feature_engineer | 범주형 인코딩 완료: 6개 변수 (onehot)
2026-03-06 15:57:45 | INFO     | src.data.feature_engineer | 특성 선택 (baseline_cbc): baseline=23, cbc_raw=18, cbc_derived=52, 전체=93
2026-03-06 15:57:45 | INFO     | __main__ |   학습 중: xgboost
2026-03-06 15:57:45 | INFO     | src.models.baseline_models | XGBoost 학습 완료 - Val AUC: 0.7950
2026-03-06 15:57:45 | INFO     | __main__ |   학습 중: lightgbm
2026-03-06 15:57:45 | INFO     | src.models.baseline_models | LightGBM 학습 완료 - Val AUC: 0.8100
2026-03-06 15:57:45 | INFO     | __main__ |   학습 중: logistic_regression
2026-03-06 15:57:45 | INFO     | src.models.baseline_models | Logistic Regression 학습 완료 - Val AUC: 0.8450
2026-03-06 15:57:45 | INFO     | __main__ |   학습 중: lstm
2026-03-06 15:57:45 | INFO     | src.data.feature_engineer | LSTM 시퀀스 생성: shape=(130, 8, 6) (환자=130, 시점=8, 변수=6)
2026-03-06 15:57:45 | INFO     | src.data.feature_engineer | LSTM 시퀀스 생성: shape=(30, 8, 6) (환자=30, 시점=8, 변수=6)
2026-03-06 15:57:45 | INFO     | src.data.dataset | DataLoader 생성 완료: batch_size=32, train=130, val=30, test=30
2026-03-06 15:57:45 | INFO     | src.models.trainer | 학습 장치: mps
2026-03-06 15:57:46 | INFO     | src.models.trainer | 학습 시작: 100 에폭, 장치=mps
2026-03-06 15:57:47 | INFO     | src.models.trainer | Epoch  10/100 | Train Loss: 0.4022 | Val Loss: 0.3150 | Train AUC: 0.8891 | Val AUC: 0.9700 | LR: 1.00e-03 | 0.1s
2026-03-06 15:57:47 | INFO     | src.models.trainer | Epoch  20/100 | Train Loss: 0.3115 | Val Loss: 0.2277 | Train AUC: 0.9286 | Val AUC: 0.9850 | LR: 1.00e-03 | 0.3s
2026-03-06 15:57:48 | INFO     | src.models.trainer | Epoch  30/100 | Train Loss: 0.1912 | Val Loss: 0.2820 | Train AUC: 0.9583 | Val AUC: 0.9650 | LR: 1.00e-03 | 0.0s
2026-03-06 15:57:48 | INFO     | src.models.trainer | Epoch  40/100 | Train Loss: 0.1232 | Val Loss: 0.1908 | Train AUC: 0.9904 | Val AUC: 0.9850 | LR: 5.00e-04 | 0.0s
2026-03-06 15:57:49 | INFO     | src.models.trainer | Early stopping 발동 (patience=15, best_loss=0.1882)
2026-03-06 15:57:49 | INFO     | src.models.trainer | Early stopping at epoch 48
2026-03-06 15:57:49 | INFO     | __main__ | ============================================================
2026-03-06 15:57:49 | INFO     | __main__ | External Validation 데이터 생성
2026-03-06 15:57:49 | INFO     | __main__ |   환자 수: 150명
2026-03-06 15:57:49 | INFO     | __main__ |   시드: 9999 (학습 시드=42와 완전 독립)
2026-03-06 15:57:49 | INFO     | __main__ | ============================================================
2026-03-06 15:57:49 | INFO     | generate_emr_data | 독성 발생률: 55/150 (36.7%)
2026-03-06 15:57:49 | INFO     | __main__ | 생성 완료:
2026-03-06 15:57:49 | INFO     | __main__ |   환자: 150명
2026-03-06 15:57:49 | INFO     | __main__ |   CBC 검사: 1008건
2026-03-06 15:57:49 | INFO     | __main__ |   예상 독성 발생: 55명 (36.7%)
2026-03-06 15:57:49 | INFO     | __main__ |   나이: 63.5 ± 7.9세
2026-03-06 15:57:49 | INFO     | __main__ |   성별: 남 109명, 여 41명
2026-03-06 15:57:49 | INFO     | __main__ |   레지멘: {'EP': 61, 'TP': 35, 'weekly_paclitaxel': 26, 'GP': 19, 'DP': 9}
2026-03-06 15:57:49 | INFO     | __main__ | ============================================================
2026-03-06 15:57:49 | INFO     | __main__ | External 데이터 전처리
2026-03-06 15:57:49 | INFO     | __main__ | ============================================================
2026-03-06 15:57:49 | INFO     | src.data.preprocessing | ============================================================
2026-03-06 15:57:49 | INFO     | src.data.preprocessing | EMR 전처리 파이프라인 시작
2026-03-06 15:57:49 | INFO     | src.data.preprocessing | ============================================================
2026-03-06 15:57:49 | INFO     | src.data.preprocessing | 1단계: 치료 시작일 매핑
2026-03-06 15:57:49 | INFO     | src.data.preprocessing | 2단계: 검사 날짜 → Week 변환
2026-03-06 15:57:49 | INFO     | src.data.preprocessing | Week 할당 완료: Week 0=150건, Week 1=150건, Week 2=150건, Week 3=126건, Week 4=114건, Week 5=120건, Week 6=108건, Week 7=90건
2026-03-06 15:57:49 | INFO     | src.data.preprocessing | 3단계: Long → Wide 형식 변환
2026-03-06 15:57:49 | INFO     | src.data.preprocessing | Week 0 CBC 결측 환자: 0.0%
2026-03-06 15:57:49 | INFO     | src.data.preprocessing | Week 1 CBC 결측 환자: 0.0%
2026-03-06 15:57:49 | INFO     | src.data.preprocessing | Week 2 CBC 결측 환자: 0.0%
2026-03-06 15:57:49 | INFO     | src.data.preprocessing | Week 3 CBC 결측 환자: 16.0%
2026-03-06 15:57:49 | INFO     | src.data.preprocessing | Week 4 CBC 결측 환자: 24.0%
2026-03-06 15:57:49 | INFO     | src.data.preprocessing | Week 5 CBC 결측 환자: 20.0%
2026-03-06 15:57:49 | INFO     | src.data.preprocessing | Week 6 CBC 결측 환자: 28.0%
2026-03-06 15:57:49 | INFO     | src.data.preprocessing | Week 7 CBC 결측 환자: 40.0%
2026-03-06 15:57:49 | INFO     | src.data.preprocessing | Wide 변환 완료: 150명, 48개 컬럼
2026-03-06 15:57:49 | INFO     | src.data.preprocessing | 4단계: 결측 Week 보간
2026-03-06 15:57:49 | INFO     | src.data.preprocessing | 보간 완료 (방법: linear), 잔여 결측: 0건
2026-03-06 15:57:49 | INFO     | src.data.preprocessing | 5단계: CTCAE Grade 계산
2026-03-06 15:57:49 | INFO     | src.data.preprocessing | [neutropenia] Grade 분포: {0: 70, 1: 19, 2: 13, 3: 13, 4: 35}, Grade 3+ 발생률: 32.0%
2026-03-06 15:57:49 | INFO     | src.data.preprocessing | [anemia] Grade 분포: {0: 25, 1: 58, 2: 52, 3: 13, 4: 2}, Grade 3+ 발생률: 10.0%
2026-03-06 15:57:49 | INFO     | src.data.preprocessing | [thrombocytopenia] Grade 분포: {0: 66, 1: 63, 2: 12, 3: 4, 4: 5}, Grade 3+ 발생률: 6.0%
2026-03-06 15:57:49 | INFO     | src.data.preprocessing | [leukopenia] Grade 분포: {0: 47, 1: 24, 2: 17, 3: 25, 4: 37}, Grade 3+ 발생률: 41.3%
2026-03-06 15:57:49 | INFO     | src.data.preprocessing | [lymphopenia] Grade 분포: {0: 34, 1: 18, 2: 45, 3: 31, 4: 22}, Grade 3+ 발생률: 35.3%
2026-03-06 15:57:49 | INFO     | src.data.preprocessing | 6단계: 환자 정보 병합
2026-03-06 15:57:49 | INFO     | src.data.preprocessing | 전처리 완료: 150명, 113개 변수
2026-03-06 15:57:49 | INFO     | src.data.preprocessing | ============================================================
2026-03-06 15:57:49 | INFO     | __main__ | 전처리 완료: /Users/hwangsang-ik/Desktop/ccrt_hematologic_toxicity/data/processed/external_validation.csv (150명, 113변수)
2026-03-06 15:57:49 | INFO     | __main__ | ============================================================
2026-03-06 15:57:49 | INFO     | __main__ | External Validation 성능 평가
2026-03-06 15:57:49 | INFO     | __main__ | ============================================================
2026-03-06 15:57:49 | INFO     | src.data.feature_engineer | 시계열 파생 변수 52개 생성 완료
2026-03-06 15:57:49 | INFO     | src.data.feature_engineer | 범주형 인코딩 완료: 6개 변수 (onehot)
2026-03-06 15:57:49 | INFO     | __main__ | External 데이터: 150명
2026-03-06 15:57:49 | INFO     | __main__ |   양성 (Grade 3+): 48 (32.0%)
2026-03-06 15:57:49 | INFO     | __main__ |   음성 (Grade <3): 102 (68.0%)
2026-03-06 15:57:49 | INFO     | src.evaluation.metrics | [xgboost_external] AUROC=0.7964, AUPRC=0.7688, Sens=0.6458, Spec=0.8235, Optimal Threshold=0.882
2026-03-06 15:57:50 | INFO     | src.evaluation.metrics | Bootstrap CI (95%): 0.7964 [0.7111 - 0.8829]
2026-03-06 15:57:50 | INFO     | __main__ |   xgboost                   | AUROC=0.7964 (0.7111-0.8829) | Sens=0.6458 | Spec=0.8235
2026-03-06 15:57:50 | INFO     | src.evaluation.metrics | [lightgbm_external] AUROC=0.7798, AUPRC=0.7546, Sens=0.6042, Spec=0.8725, Optimal Threshold=0.949
2026-03-06 15:57:50 | INFO     | src.evaluation.metrics | Bootstrap CI (95%): 0.7798 [0.6908 - 0.8679]
2026-03-06 15:57:50 | INFO     | __main__ |   lightgbm                  | AUROC=0.7798 (0.6908-0.8679) | Sens=0.6042 | Spec=0.8725
2026-03-06 15:57:50 | INFO     | src.evaluation.metrics | [logistic_regression_external] AUROC=0.8266, AUPRC=0.7843, Sens=0.7500, Spec=0.7843, Optimal Threshold=0.759
2026-03-06 15:57:50 | INFO     | src.evaluation.metrics | Bootstrap CI (95%): 0.8266 [0.7480 - 0.9056]
2026-03-06 15:57:50 | INFO     | __main__ |   logistic_regression       | AUROC=0.8266 (0.7480-0.9056) | Sens=0.7500 | Spec=0.7843
2026-03-06 15:57:50 | INFO     | src.data.feature_engineer | LSTM 시퀀스 생성: shape=(150, 8, 6) (환자=150, 시점=8, 변수=6)
2026-03-06 15:57:50 | INFO     | __main__ |   LSTM 외부검증: Week 0-2만 사용, Week 3-7 마스킹 (shape=(150, 8, 6))
2026-03-06 15:57:51 | INFO     | src.evaluation.metrics | [lstm_external] AUROC=0.7208, AUPRC=0.5681, Sens=0.9583, Spec=0.1765, Optimal Threshold=0.975
2026-03-06 15:57:51 | INFO     | src.evaluation.metrics | Bootstrap CI (95%): 0.7208 [0.6323 - 0.8038]
2026-03-06 15:57:51 | INFO     | __main__ |   lstm                      | AUROC=0.7208 (0.6323-0.8038) | Sens=0.9583 | Spec=0.1765
2026-03-06 15:57:51 | INFO     | __main__ | 
============================================================
2026-03-06 15:57:51 | INFO     | __main__ | External Validation 결과 요약
2026-03-06 15:57:51 | INFO     | __main__ | ============================================================
2026-03-06 15:57:51 | INFO     | __main__ | 모델                             |    AUROC |    AUPRC |   Sens |   Spec |    PPV |    NPV
2026-03-06 15:57:51 | INFO     | __main__ | ------------------------------------------------------------------------------------------
2026-03-06 15:57:51 | INFO     | __main__ | lightgbm_external              |   0.7798 |   0.7546 | 0.6042 | 0.8725 | 0.6905 | 0.8241
2026-03-06 15:57:51 | INFO     | __main__ | logistic_regression_external   |   0.8266 |   0.7843 | 0.7500 | 0.7843 | 0.6207 | 0.8696
2026-03-06 15:57:51 | INFO     | __main__ | lstm_external                  |   0.7208 |   0.5681 | 0.9583 | 0.1765 | 0.3538 | 0.9000
2026-03-06 15:57:51 | INFO     | __main__ | xgboost_external               |   0.7964 |   0.7688 | 0.6458 | 0.8235 | 0.6327 | 0.8317
2026-03-06 15:57:51 | INFO     | src.evaluation.visualization | ROC 곡선 저장: /Users/hwangsang-ik/Desktop/ccrt_hematologic_toxicity/outputs/figures/roc_external_validation.png
2026-03-06 15:57:51 | INFO     | src.utils.helpers | 결과 저장: /Users/hwangsang-ik/Desktop/ccrt_hematologic_toxicity/outputs/logs/external_validation_results.json
2026-03-06 15:57:51 | INFO     | __main__ | 
============================================================
2026-03-06 15:57:51 | INFO     | __main__ | External Validation 완료!
2026-03-06 15:57:51 | INFO     | __main__ | ============================================================
