2026-02-25 15:41:20 | INFO     | __main__ | 데모 모드: 합성 데이터로 전체 파이프라인을 실행합니다
2026-02-25 15:41:20 | INFO     | src.utils.helpers | 시드 고정: 42
2026-02-25 15:41:20 | INFO     | __main__ | ============================================================
2026-02-25 15:41:20 | INFO     | __main__ | 1단계: 데이터 로드
2026-02-25 15:41:20 | INFO     | __main__ | ============================================================
2026-02-25 15:41:20 | INFO     | __main__ | 합성 데이터를 생성합니다 (demo 모드)
2026-02-25 15:41:20 | INFO     | src.data.data_loader | 합성 데이터 생성 완료: 300명, neutropenia 양성률=25.00%
2026-02-25 15:41:20 | INFO     | src.utils.helpers | ============================================================
2026-02-25 15:41:20 | INFO     | src.utils.helpers | 데이터셋 요약
2026-02-25 15:41:20 | INFO     | src.utils.helpers | ============================================================
2026-02-25 15:41:20 | INFO     | src.utils.helpers | 총 환자 수: 300
2026-02-25 15:41:20 | INFO     | src.utils.helpers | 변수 수: 36
2026-02-25 15:41:20 | INFO     | src.utils.helpers | 결측치: 38
2026-02-25 15:41:20 | INFO     | src.utils.helpers | 양성 (Grade 3+): 75 (25.0%)
2026-02-25 15:41:20 | INFO     | src.utils.helpers | 음성 (Grade <3): 225 (75.0%)
2026-02-25 15:41:20 | INFO     | src.utils.helpers | ============================================================
2026-02-25 15:41:20 | INFO     | __main__ | ============================================================
2026-02-25 15:41:20 | INFO     | __main__ | 2단계: 결측치 처리
2026-02-25 15:41:20 | INFO     | __main__ | ============================================================
2026-02-25 15:41:20 | INFO     | src.data.data_loader | 결측치가 있는 컬럼 수: 3
2026-02-25 15:41:20 | INFO     | src.data.data_loader | 결측치 처리 완료 (전략: median)
2026-02-25 15:41:20 | INFO     | __main__ | ============================================================
2026-02-25 15:41:20 | INFO     | __main__ | 3단계: 데이터 분할 (학습/검증/테스트)
2026-02-25 15:41:20 | INFO     | __main__ | ============================================================
2026-02-25 15:41:20 | INFO     | src.data.data_loader | 데이터 분할 완료: 학습=195, 검증=45, 테스트=60
2026-02-25 15:41:20 | INFO     | src.data.data_loader |   학습 양성 비율: 0.251
2026-02-25 15:41:20 | INFO     | src.data.data_loader |   검증 양성 비율: 0.244
2026-02-25 15:41:20 | INFO     | src.data.data_loader |   테스트 양성 비율: 0.250
2026-02-25 15:41:20 | INFO     | __main__ | ============================================================
2026-02-25 15:41:20 | INFO     | __main__ | 4단계: 특성 공학 (CBC 시계열 파생 변수 생성)
2026-02-25 15:41:20 | INFO     | __main__ | ============================================================
2026-02-25 15:41:20 | INFO     | src.data.feature_engineer | 시계열 파생 변수 52개 생성 완료
2026-02-25 15:41:20 | INFO     | src.data.feature_engineer | 시계열 파생 변수 52개 생성 완료
2026-02-25 15:41:20 | INFO     | src.data.feature_engineer | 시계열 파생 변수 52개 생성 완료
2026-02-25 15:41:20 | INFO     | src.data.feature_engineer | 범주형 인코딩 완료: 6개 변수 (onehot)
2026-02-25 15:41:20 | INFO     | src.data.feature_engineer | 범주형 인코딩 완료: 6개 변수 (onehot)
2026-02-25 15:41:20 | INFO     | src.data.feature_engineer | 범주형 인코딩 완료: 6개 변수 (onehot)
2026-02-25 15:41:20 | INFO     | __main__ | ============================================================
2026-02-25 15:41:20 | INFO     | __main__ | 5단계: CBC 시계열 탐색적 분석
2026-02-25 15:41:20 | INFO     | __main__ | ============================================================
2026-02-25 15:41:20 | INFO     | src.evaluation.visualization | CBC 시계열 그래프 저장: /Users/hwangsang-ik/Desktop/ccrt_hematologic_toxicity/outputs/figures/cbc_timeseries_AMC.png
2026-02-25 15:41:20 | INFO     | src.evaluation.visualization | CBC 시계열 그래프 저장: /Users/hwangsang-ik/Desktop/ccrt_hematologic_toxicity/outputs/figures/cbc_timeseries_ANC.png
2026-02-25 15:41:20 | INFO     | src.evaluation.visualization | CBC 시계열 그래프 저장: /Users/hwangsang-ik/Desktop/ccrt_hematologic_toxicity/outputs/figures/cbc_timeseries_WBC.png
2026-02-25 15:41:20 | INFO     | __main__ | ============================================================
2026-02-25 15:41:20 | INFO     | __main__ | 6단계: 모델 학습 [baseline_only]
2026-02-25 15:41:20 | INFO     | __main__ | ============================================================
2026-02-25 15:41:20 | INFO     | src.data.feature_engineer | 특성 선택 (baseline_only): baseline=22, cbc_raw=18, cbc_derived=52, 전체=22
2026-02-25 15:41:20 | INFO     | __main__ | 
--- xgboost (baseline_only) ---
2026-02-25 15:41:21 | INFO     | src.models.baseline_models | XGBoost 학습 완료 - Val AUC: 0.5535
2026-02-25 15:41:21 | INFO     | src.evaluation.metrics | [xgboost_baseline_only] AUROC=0.5289, AUPRC=0.2542, Sens=0.0667, Spec=0.7111, Optimal Threshold=0.141
2026-02-25 15:41:21 | INFO     | src.evaluation.metrics | Bootstrap CI (95%): 0.5289 [0.3750 - 0.6761]
2026-02-25 15:41:21 | INFO     | src.evaluation.visualization | 특성 중요도 저장: /Users/hwangsang-ik/Desktop/ccrt_hematologic_toxicity/outputs/figures/feature_importance_xgboost_baseline_only.png
2026-02-25 15:41:21 | INFO     | src.models.baseline_models | 모델 저장: /Users/hwangsang-ik/Desktop/ccrt_hematologic_toxicity/outputs/models/xgboost_baseline_only.pkl
2026-02-25 15:41:21 | INFO     | __main__ | 
--- lightgbm (baseline_only) ---
2026-02-25 15:41:21 | INFO     | src.models.baseline_models | LightGBM 학습 완료 - Val AUC: 0.5160
2026-02-25 15:41:21 | INFO     | src.evaluation.metrics | [lightgbm_baseline_only] AUROC=0.5363, AUPRC=0.2546, Sens=0.2667, Spec=0.6667, Optimal Threshold=0.127
2026-02-25 15:41:22 | INFO     | src.evaluation.metrics | Bootstrap CI (95%): 0.5363 [0.3944 - 0.6805]
2026-02-25 15:41:22 | INFO     | src.evaluation.visualization | 특성 중요도 저장: /Users/hwangsang-ik/Desktop/ccrt_hematologic_toxicity/outputs/figures/feature_importance_lightgbm_baseline_only.png
2026-02-25 15:41:22 | INFO     | src.models.baseline_models | 모델 저장: /Users/hwangsang-ik/Desktop/ccrt_hematologic_toxicity/outputs/models/lightgbm_baseline_only.pkl
2026-02-25 15:41:22 | INFO     | __main__ | 
--- logistic_regression (baseline_only) ---
2026-02-25 15:41:22 | INFO     | src.models.baseline_models | Logistic Regression 학습 완료 - Val AUC: 0.6631
2026-02-25 15:41:22 | INFO     | src.evaluation.metrics | [logistic_regression_baseline_only] AUROC=0.5007, AUPRC=0.2626, Sens=0.4667, Spec=0.5556, Optimal Threshold=0.232
2026-02-25 15:41:22 | INFO     | src.evaluation.metrics | Bootstrap CI (95%): 0.5007 [0.3346 - 0.6569]
2026-02-25 15:41:22 | INFO     | src.models.baseline_models | 모델 저장: /Users/hwangsang-ik/Desktop/ccrt_hematologic_toxicity/outputs/models/logistic_regression_baseline_only.pkl
2026-02-25 15:41:22 | INFO     | __main__ | ============================================================
2026-02-25 15:41:22 | INFO     | __main__ | 6단계: 모델 학습 [baseline_cbc]
2026-02-25 15:41:22 | INFO     | __main__ | ============================================================
2026-02-25 15:41:22 | INFO     | src.data.feature_engineer | 특성 선택 (baseline_cbc): baseline=22, cbc_raw=18, cbc_derived=52, 전체=92
2026-02-25 15:41:22 | INFO     | __main__ | 
--- xgboost (baseline_cbc) ---
2026-02-25 15:41:22 | INFO     | src.models.baseline_models | XGBoost 학습 완료 - Val AUC: 0.9492
2026-02-25 15:41:22 | INFO     | src.evaluation.metrics | [xgboost_baseline_cbc] AUROC=0.9822, AUPRC=0.9397, Sens=1.0000, Spec=0.9333, Optimal Threshold=0.578
2026-02-25 15:41:23 | INFO     | src.evaluation.metrics | Bootstrap CI (95%): 0.9822 [0.9455 - 1.0000]
2026-02-25 15:41:23 | INFO     | src.evaluation.visualization | 특성 중요도 저장: /Users/hwangsang-ik/Desktop/ccrt_hematologic_toxicity/outputs/figures/feature_importance_xgboost_baseline_cbc.png
2026-02-25 15:41:23 | INFO     | src.models.baseline_models | 모델 저장: /Users/hwangsang-ik/Desktop/ccrt_hematologic_toxicity/outputs/models/xgboost_baseline_cbc.pkl
2026-02-25 15:41:23 | INFO     | __main__ | 
--- lightgbm (baseline_cbc) ---
2026-02-25 15:41:23 | INFO     | src.models.baseline_models | LightGBM 학습 완료 - Val AUC: 0.9251
2026-02-25 15:41:23 | INFO     | src.evaluation.metrics | [lightgbm_baseline_cbc] AUROC=0.9926, AUPRC=0.9759, Sens=1.0000, Spec=0.9778, Optimal Threshold=0.612
2026-02-25 15:41:24 | INFO     | src.evaluation.metrics | Bootstrap CI (95%): 0.9926 [0.9722 - 1.0000]
2026-02-25 15:41:24 | INFO     | src.evaluation.visualization | 특성 중요도 저장: /Users/hwangsang-ik/Desktop/ccrt_hematologic_toxicity/outputs/figures/feature_importance_lightgbm_baseline_cbc.png
2026-02-25 15:41:24 | INFO     | src.models.baseline_models | 모델 저장: /Users/hwangsang-ik/Desktop/ccrt_hematologic_toxicity/outputs/models/lightgbm_baseline_cbc.pkl
2026-02-25 15:41:24 | INFO     | __main__ | 
--- logistic_regression (baseline_cbc) ---
2026-02-25 15:41:24 | INFO     | src.models.baseline_models | Logistic Regression 학습 완료 - Val AUC: 0.9679
2026-02-25 15:41:24 | INFO     | src.evaluation.metrics | [logistic_regression_baseline_cbc] AUROC=0.9630, AUPRC=0.8961, Sens=0.7333, Spec=0.9556, Optimal Threshold=0.034
2026-02-25 15:41:24 | INFO     | src.evaluation.metrics | Bootstrap CI (95%): 0.9630 [0.9133 - 0.9960]
2026-02-25 15:41:24 | INFO     | src.models.baseline_models | 모델 저장: /Users/hwangsang-ik/Desktop/ccrt_hematologic_toxicity/outputs/models/logistic_regression_baseline_cbc.pkl
2026-02-25 15:41:24 | INFO     | __main__ | 
--- LSTM (baseline_cbc) ---
2026-02-25 15:41:24 | INFO     | src.data.feature_engineer | LSTM 시퀀스 생성: shape=(195, 3, 6) (환자=195, 시점=3, 변수=6)
2026-02-25 15:41:24 | INFO     | src.data.feature_engineer | LSTM 시퀀스 생성: shape=(45, 3, 6) (환자=45, 시점=3, 변수=6)
2026-02-25 15:41:24 | INFO     | src.data.feature_engineer | LSTM 시퀀스 생성: shape=(60, 3, 6) (환자=60, 시점=3, 변수=6)
2026-02-25 15:41:24 | INFO     | src.data.dataset | DataLoader 생성 완료: batch_size=32, train=195, val=45, test=60
2026-02-25 15:41:24 | INFO     | src.models.trainer | 학습 장치: mps
2026-02-25 15:41:24 | INFO     | src.models.trainer | 학습 시작: 100 에폭, 장치=mps
2026-02-25 15:41:25 | INFO     | src.models.trainer | Epoch  10/100 | Train Loss: 0.3905 | Val Loss: 0.4912 | Train AUC: 0.8641 | Val AUC: 0.7647 | LR: 1.00e-03 | 0.0s
2026-02-25 15:41:26 | INFO     | src.models.trainer | Epoch  20/100 | Train Loss: 0.2620 | Val Loss: 0.4725 | Train AUC: 0.9414 | Val AUC: 0.8048 | LR: 1.00e-03 | 0.0s
2026-02-25 15:41:26 | INFO     | src.models.trainer | Epoch  30/100 | Train Loss: 0.1743 | Val Loss: 0.4996 | Train AUC: 0.9725 | Val AUC: 0.8155 | LR: 5.00e-04 | 0.0s
2026-02-25 15:41:26 | INFO     | src.models.trainer | Early stopping 발동 (patience=15, best_loss=0.4592)
2026-02-25 15:41:26 | INFO     | src.models.trainer | Early stopping at epoch 32
2026-02-25 15:41:26 | INFO     | src.evaluation.visualization | 학습 히스토리 저장: /Users/hwangsang-ik/Desktop/ccrt_hematologic_toxicity/outputs/figures/lstm_training_history.png
2026-02-25 15:41:26 | INFO     | src.evaluation.metrics | [lstm_baseline_cbc] AUROC=0.8296, AUPRC=0.6758, Sens=0.5333, Spec=0.8444, Optimal Threshold=0.302
2026-02-25 15:41:27 | INFO     | src.evaluation.metrics | Bootstrap CI (95%): 0.8296 [0.7168 - 0.9286]
2026-02-25 15:41:27 | INFO     | src.models.trainer | 체크포인트 저장: /Users/hwangsang-ik/Desktop/ccrt_hematologic_toxicity/outputs/models/lstm_best.pt
2026-02-25 15:41:27 | INFO     | __main__ | ============================================================
2026-02-25 15:41:27 | INFO     | __main__ | 7단계: 모델 비교 및 결과 저장
2026-02-25 15:41:27 | INFO     | __main__ | ============================================================
2026-02-25 15:41:27 | INFO     | src.evaluation.metrics | 
========================================================================================================================
모델 성능 비교
========================================================================================================================
2026-02-25 15:41:27 | INFO     | src.evaluation.metrics | 모델                       auroc          auprc          sensitivity    specificity    ppv            npv            f1_score       brier_score    
2026-02-25 15:41:27 | INFO     | src.evaluation.metrics | ------------------------------------------------------------------------------------------------------------------------
2026-02-25 15:41:27 | INFO     | src.evaluation.metrics | xgboost_baseline_only    0.5289         0.2542         0.0667         0.7111         0.0714         0.6957         0.0690         0.2707         
2026-02-25 15:41:27 | INFO     | src.evaluation.metrics | lightgbm_baseline_only   0.5363         0.2546         0.2667         0.6667         0.2105         0.7317         0.2353         0.2811         
2026-02-25 15:41:27 | INFO     | src.evaluation.metrics | logistic_regression_baseline_only0.5007         0.2626         0.4667         0.5556         0.2593         0.7576         0.3333         0.2694         
2026-02-25 15:41:27 | INFO     | src.evaluation.metrics | xgboost_baseline_cbc     0.9822         0.9397         1.0000         0.9333         0.8333         1.0000         0.9091         0.0484         
2026-02-25 15:41:27 | INFO     | src.evaluation.metrics | lightgbm_baseline_cbc    0.9926         0.9759         1.0000         0.9778         0.9375         1.0000         0.9677         0.0334         
2026-02-25 15:41:27 | INFO     | src.evaluation.metrics | logistic_regression_baseline_cbc0.9630         0.8961         0.7333         0.9556         0.8462         0.9149         0.7857         0.0766         
2026-02-25 15:41:27 | INFO     | src.evaluation.metrics | lstm_baseline_cbc        0.8296         0.6758         0.5333         0.8444         0.5333         0.8444         0.5333         0.1487         
2026-02-25 15:41:27 | INFO     | src.evaluation.visualization | ROC 곡선 저장: /Users/hwangsang-ik/Desktop/ccrt_hematologic_toxicity/outputs/figures/roc_comparison.png
2026-02-25 15:41:27 | INFO     | src.evaluation.visualization | 모델 비교 그래프 저장: /Users/hwangsang-ik/Desktop/ccrt_hematologic_toxicity/outputs/figures/model_comparison.png
2026-02-25 15:41:27 | INFO     | src.evaluation.metrics | 
=== Incremental Value (CBC 시계열 추가 효과) ===
AUROC: 0.5289 → 0.9822 (Δ=+0.4533, +85.7%)
Sensitivity: 0.0667 → 1.0000 (Δ=+0.9333)
2026-02-25 15:41:27 | INFO     | src.evaluation.metrics | 
=== Incremental Value (CBC 시계열 추가 효과) ===
AUROC: 0.5363 → 0.9926 (Δ=+0.4563, +85.1%)
Sensitivity: 0.2667 → 1.0000 (Δ=+0.7333)
2026-02-25 15:41:27 | INFO     | src.evaluation.metrics | 
=== Incremental Value (CBC 시계열 추가 효과) ===
AUROC: 0.5007 → 0.9630 (Δ=+0.4622, +92.3%)
Sensitivity: 0.4667 → 0.7333 (Δ=+0.2667)
2026-02-25 15:41:27 | INFO     | __main__ | 
최적 모델: lightgbm_baseline_cbc (AUROC=0.9926)
2026-02-25 15:41:27 | INFO     | src.utils.helpers | 결과 저장: /Users/hwangsang-ik/Desktop/ccrt_hematologic_toxicity/outputs/logs/experiment_results.json
2026-02-25 15:41:27 | INFO     | __main__ | ============================================================
2026-02-25 15:41:27 | INFO     | __main__ | 파이프라인 완료!
2026-02-25 15:41:27 | INFO     | __main__ | 결과 저장 위치: /Users/hwangsang-ik/Desktop/ccrt_hematologic_toxicity/outputs/logs
2026-02-25 15:41:27 | INFO     | __main__ | 시각화 저장 위치: /Users/hwangsang-ik/Desktop/ccrt_hematologic_toxicity/outputs/figures
2026-02-25 15:41:27 | INFO     | __main__ | ============================================================
